#-----------------------------------------------------------
# Vivado v2018.2 (64-bit)
# SW Build 2258646 on Thu Jun 14 20:03:12 MDT 2018
# IP Build 2256618 on Thu Jun 14 22:10:49 MDT 2018
# Start of session at: Sat Oct 20 19:40:29 2018
# Process ID: 11844
# Current directory: C:/Users/Tien/Desktop/Project 1/computer_assignment_2
# Command line: vivado.exe -gui_launcher_event rodinguilauncherevent10304 C:\Users\Tien\Desktop\Project 1\computer_assignment_2\computer_assignment_2.xpr
# Log file: C:/Users/Tien/Desktop/Project 1/computer_assignment_2/vivado.log
# Journal file: C:/Users/Tien/Desktop/Project 1/computer_assignment_2\vivado.jou
#-----------------------------------------------------------
start_gui
open_project {C:/Users/Tien/Desktop/Project 1/computer_assignment_2/computer_assignment_2.xpr}
Scanning sources...
Finished scanning sources
INFO: [IP_Flow 19-234] Refreshing IP repositories
INFO: [IP_Flow 19-1704] No user IP repositories specified
INFO: [IP_Flow 19-2313] Loaded Vivado IP repository 'C:/Xilinx/Vivado/2018.2/data/ip'.
open_project: Time (s): cpu = 00:00:12 ; elapsed = 00:00:10 . Memory (MB): peak = 731.645 ; gain = 55.695
update_compile_order -fileset sources_1
exit
INFO: [Common 17-206] Exiting Vivado at Sat Oct 20 23:17:16 2018...
